TN:
SF:/home/runner/work/CPPDlopen/CPPDlopen/lib/dlopen.cc
FN:5,_ZN6DLOpenC2ENSt7__cxx1112basic_stringIcSt11char_traitsIcESaIcEEEi
FN:12,_ZN6DLOpen9getSymbolENSt7__cxx1112basic_stringIcSt11char_traitsIcESaIcEEE
FN:20,_ZN6DLOpenD2Ev
FNDA:6,_ZN6DLOpenD2Ev
FNDA:4,_ZN6DLOpen9getSymbolENSt7__cxx1112basic_stringIcSt11char_traitsIcESaIcEEE
FNDA:8,_ZN6DLOpenC2ENSt7__cxx1112basic_stringIcSt11char_traitsIcESaIcEEEi
FNF:3
FNH:3
DA:5,8
DA:6,8
DA:7,8
DA:8,2
DA:10,6
DA:12,4
DA:13,4
DA:14,4
DA:15,2
DA:17,2
DA:20,12
DA:21,6
DA:22,6
LF:13
LH:13
end_of_record
