TN:
SF:/home/runner/work/CPPDlopen/CPPDlopen/lib/dlopen.cc
FN:5,_ZN6DLOpenC2ENSt7__cxx1112basic_stringIcSt11char_traitsIcESaIcEEEi
FN:12,_ZN6DLOpen9getSymbolENSt7__cxx1112basic_stringIcSt11char_traitsIcESaIcEEE
FN:20,_ZN6DLOpen13getSymbolNextENSt7__cxx1112basic_stringIcSt11char_traitsIcESaIcEEE
FN:28,_ZN6DLOpen16getSymbolDefaultENSt7__cxx1112basic_stringIcSt11char_traitsIcESaIcEEE
FN:36,_ZN6DLOpenD2Ev
FNDA:6,_ZN6DLOpenD2Ev
FNDA:4,_ZN6DLOpen13getSymbolNextENSt7__cxx1112basic_stringIcSt11char_traitsIcESaIcEEE
FNDA:4,_ZN6DLOpen16getSymbolDefaultENSt7__cxx1112basic_stringIcSt11char_traitsIcESaIcEEE
FNDA:4,_ZN6DLOpen9getSymbolENSt7__cxx1112basic_stringIcSt11char_traitsIcESaIcEEE
FNDA:8,_ZN6DLOpenC2ENSt7__cxx1112basic_stringIcSt11char_traitsIcESaIcEEEi
FNF:5
FNH:5
DA:5,8
DA:6,8
DA:7,8
DA:8,2
DA:10,6
DA:12,4
DA:13,4
DA:14,4
DA:15,2
DA:17,2
DA:20,4
DA:21,4
DA:22,4
DA:23,2
DA:25,2
DA:28,4
DA:29,4
DA:30,4
DA:31,2
DA:33,2
DA:36,12
DA:37,6
DA:38,6
LF:23
LH:23
end_of_record
